<?xml version="1.0" encoding="UTF-8"?>
<!-- Generated by org.testng.reporters.JUnitReportReporter -->
<testsuite hostname="Vignesh-PC" failures="0" tests="3" name="com.fridaymove.CallbackFunctionality" time="47.140" errors="0" timestamp="12 Aug 2019 06:33:24 GMT" skipped="0">
  <testcase classname="com.fridaymove.CallbackFunctionality" name="Callback" time="3.939"/>
  <testcase classname="com.fridaymove.CallbackFunctionality" name="contactUs" time="22.411"/>
  <testcase classname="com.fridaymove.CallbackFunctionality" name="Callback" time="20.790"/>
</testsuite> <!-- com.fridaymove.CallbackFunctionality -->
