<?xml version="1.0" encoding="UTF-8"?>
<!-- Generated by org.testng.reporters.JUnitReportReporter -->
<testsuite hostname="Vignesh-PC" failures="0" tests="2" name="com.fridaymove.logoVerify" time="17.886" errors="0" timestamp="12 Aug 2019 06:33:24 GMT" skipped="0">
  <testcase classname="com.fridaymove.logoVerify" name="HomepageLandingLogo" time="1.545"/>
  <testcase classname="com.fridaymove.logoVerify" name="residentialLogo" time="16.341"/>
</testsuite> <!-- com.fridaymove.logoVerify -->
