<?xml version="1.0" encoding="UTF-8"?>
<!-- Generated by org.testng.reporters.JUnitReportReporter -->
<testsuite hostname="Vignesh-PC" failures="0" tests="1" name="com.fridaymove.Residentialpurchase_Quote" time="29.804" errors="0" timestamp="31 Mar 2019 17:18:35 GMT" skipped="0">
  <testcase classname="com.fridaymove.Residentialpurchase_Quote" name="Callback" time="29.804"/>
</testsuite> <!-- com.fridaymove.Residentialpurchase_Quote -->
