<?xml version="1.0" encoding="UTF-8"?>
<!-- Generated by org.testng.reporters.JUnitReportReporter -->
<testsuite hostname="Vignesh-PC" failures="0" tests="1" name="com.fridaymove.test" time="0.035" errors="0" timestamp="11 Aug 2019 15:52:30 GMT" skipped="0">
  <testcase classname="com.fridaymove.test" name="tyest" time="0.035"/>
</testsuite> <!-- com.fridaymove.test -->
