<?xml version="1.0" encoding="UTF-8"?>
<!-- Generated by org.testng.reporters.JUnitReportReporter -->
<testsuite hostname="Vignesh-PC" failures="0" tests="2" name="com.fridaymove.App" time="53.976" errors="0" timestamp="09 Aug 2019 21:13:51 GMT" skipped="0">
  <testcase classname="com.fridaymove.App" name="purchseresidence_mainmenu" time="23.836"/>
  <testcase classname="com.fridaymove.App" name="purchaseResidential" time="30.140"/>
</testsuite> <!-- com.fridaymove.App -->
