<?xml version="1.0" encoding="UTF-8"?>
<!-- Generated by org.testng.reporters.JUnitReportReporter -->
<testsuite hostname="Vignesh-PC" failures="0" tests="4" name="com.fridaymove.Purchase" time="97.646" errors="0" timestamp="12 Aug 2019 06:33:24 GMT" skipped="0">
  <testcase classname="com.fridaymove.Purchase" name="purchaseResidential" time="20.454"/>
  <testcase classname="com.fridaymove.Purchase" name="purchseresidence_button" time="25.647"/>
  <testcase classname="com.fridaymove.Purchase" name="purchseresidence_mainmenu" time="28.166"/>
  <testcase classname="com.fridaymove.Purchase" name="purchseresidence_quote" time="23.379"/>
</testsuite> <!-- com.fridaymove.Purchase -->
