<?xml version="1.0" encoding="UTF-8"?>
<!-- Generated by org.testng.reporters.JUnitReportReporter -->
<testsuite hostname="Vignesh-PC" failures="0" tests="1" name="com.fridaymove.Homepage" time="0.156" errors="0" timestamp="31 Mar 2019 10:40:19 GMT" skipped="0">
  <testcase classname="com.fridaymove.Homepage" name="HomepageLanding" time="0.156"/>
</testsuite> <!-- com.fridaymove.Homepage -->
