<?xml version="1.0" encoding="UTF-8"?>
<!-- Generated by org.testng.reporters.JUnitReportReporter -->
<testsuite skipped="0" hostname="Vignesh-PC" name="com.fridaymove.CallbackFunctionality" tests="3" failures="0" timestamp="11 Aug 2019 17:09:21 GMT" time="47.775" errors="0">
  <testcase name="Callback" time="25.133" classname="com.fridaymove.CallbackFunctionality"/>
  <testcase name="Callback" time="4.827" classname="com.fridaymove.CallbackFunctionality"/>
  <testcase name="contactUs" time="17.815" classname="com.fridaymove.CallbackFunctionality"/>
</testsuite> <!-- com.fridaymove.CallbackFunctionality -->
