<?xml version="1.0" encoding="UTF-8"?>
<!-- Generated by org.testng.reporters.JUnitReportReporter -->
<testsuite skipped="0" hostname="Vignesh-PC" name="com.fridaymove.Purchase" tests="4" failures="0" timestamp="11 Aug 2019 17:09:21 GMT" time="107.425" errors="0">
  <testcase name="purchaseResidential" time="22.351" classname="com.fridaymove.Purchase"/>
  <testcase name="purchseresidence_button" time="28.290" classname="com.fridaymove.Purchase"/>
  <testcase name="purchseresidence_quote" time="26.942" classname="com.fridaymove.Purchase"/>
  <testcase name="purchseresidence_mainmenu" time="29.842" classname="com.fridaymove.Purchase"/>
</testsuite> <!-- com.fridaymove.Purchase -->
