<?xml version="1.0" encoding="UTF-8"?>
<!-- Generated by org.testng.reporters.JUnitReportReporter -->
<testsuite skipped="0" hostname="Vignesh-PC" name="com.fridaymove.logoVerify" tests="2" failures="0" timestamp="11 Aug 2019 17:09:21 GMT" time="9.263" errors="0">
  <testcase name="residentialLogo" time="8.700" classname="com.fridaymove.logoVerify"/>
  <testcase name="HomepageLandingLogo" time="0.563" classname="com.fridaymove.logoVerify"/>
</testsuite> <!-- com.fridaymove.logoVerify -->
